
    Finished test [unoptimized + debuginfo] target(s) in 1.03s
     Running target\debug\deps\chess_engine-3112be51bb7131fc.exe

running 24 tests
test board::board_stuff::to_coordinate_test ... ok
test board::board_stuff::from_coordinate_test ... ok
test chess_notation::pgn::test_make_move_log ... ok
test fen_reader::test_initial_board ... ok
test board::test::test_get_files ... ok
test chess_notation::pgn::test_pgn ... ok
test board::test::test_clone ... ok
test AI::evaluator::test_pawn_count ... ok
test AI::evaluator::test_count_pawn_structure ... ok
test board::test::test_get_pieces ... ok
test move_generator::path::test_get_path ... ok
test fen_reader::test_board_2 ... ok
test move_generator::pseudo_legal_move_generator::test_pawn_moves ... ok
test move_generator::pseudo_legal_move_generator::tests::test_gen_queen_moves ... ok
test chess_notation::read_move_test ... ok
test board::test::test_in_check ... ok
test move_generator::tests::test_find_attacking_pieces ... ok
test move_generator::tests::test_find_pinned_pieces ... ok
test move_generator::tests::test_find_moves_to_resolve_check ... ok
test tests::move_gen_tester::move_list_is_same ... ok
test tests::move_gen_tester::move_gen ... ok
test tests::eval_tester::test_eval ... ok
test move_generator::tests::test_gen_legal_moves_checkmate ... ok
test move_generator::tests::perft_initial_position ... test move_generator::tests::perft_initial_position has been running for over 60 seconds
test move_generator::tests::perft_initial_position ... FAILED

failures:

---- move_generator::tests::perft_initial_position stdout ----
thread 'move_generator::tests::perft_initial_position' panicked at 'assertion failed: `(left == right)`
  left: `197309`,
 right: `197281`: 197281 nodes visited at depth 4', src\move_generator.rs:40:9
stack backtrace:
   0: std::panicking::begin_panic_handler
             at /rustc/2fd73fabe469357a12c2c974c140f67e7cdd76d0\/library\std\src\panicking.rs:493
   1: core::panicking::panic_fmt
             at /rustc/2fd73fabe469357a12c2c974c140f67e7cdd76d0\/library\core\src\panicking.rs:92
   2: chess_engine::move_generator::tests::perft_initial_position
             at .\src\move_generator.rs:40
   3: chess_engine::move_generator::tests::perft_initial_position::{{closure}}
             at .\src\move_generator.rs:28
   4: core::ops::function::FnOnce::call_once<closure-0,tuple<>>
             at C:\Users\15732\.rustup\toolchains\stable-x86_64-pc-windows-msvc\lib\rustlib\src\rust\library\core\src\ops\function.rs:227
   5: core::ops::function::FnOnce::call_once
             at /rustc/2fd73fabe469357a12c2c974c140f67e7cdd76d0\library\core\src\ops\function.rs:227
note: Some details are omitted, run with `RUST_BACKTRACE=full` for a verbose backtrace.



=== arrays 
warning: 75 warnings emitted

    Finished bench [optimized] target(s) in 3.65s
     Running unittests (target\release\deps\chess_engine-0727de5a98e369e6.exe)

running 49 tests
test ai::evaluator::tests::test_count_pawn_structure ... ignored
test ai::evaluator::tests::test_pawn_count ... ignored
test ai::tests::bug_alpha_beta ... ignored
test ai::tests::search ... ignored
test ai::tests::test_alpha_beta ... ignored
test board::coordinate::tests::from_coordinate_test ... ignored
test board::coordinate::tests::to_coordinate_test ... ignored
test board::test::test_castling_rights ... ignored
test board::test::test_clone ... ignored
test board::test::test_get_files ... ignored
test board::test::test_get_pieces ... ignored
test board::test::test_get_rank ... ignored
test board::test::test_make_unmake ... ignored
test chess_notation::fen_reader::tests::test_board_2 ... ignored
test chess_notation::fen_reader::tests::test_initial_board ... ignored
test chess_notation::fen_reader::tests::test_make_fen ... ignored
test chess_notation::fen_reader::tests::test_make_fen_pieces ... ignored
test chess_notation::pgn::tests::test_make_move_log ... ignored
test chess_notation::pgn::tests::test_pgn ... ignored
test chess_notation::tests::read_move_test ... ignored
test hash::test::test_add_remove_piece ... ignored
test hash::test::test_coordinate_to_index ... ignored
test hash::test::test_hash_board ... ignored
test hash::test::test_hash_piece ... ignored
test hash::test::test_remove_piece ... ignored
test hash::test::zobrist_new ... ignored
test move_generator::path::tests::test_get_path ... ignored
test move_generator::path::tests::test_get_path_between ... ignored
test move_generator::path::tests::test_get_path_to ... ignored
test move_generator::pseudo_legal_move_generator::tests::test_gen_queen_moves ... ignored
test move_generator::pseudo_legal_move_generator::tests::test_king_moves ... ignored
test move_generator::pseudo_legal_move_generator::tests::test_pawn_moves ... ignored
test move_generator::tests::perft_initial_position ... ignored
test move_generator::tests::test_find_attacking_pieces ... ignored
test move_generator::tests::test_find_moves_to_resolve_check ... ignored
test move_generator::tests::test_find_pinned_pieces ... ignored
test move_generator::tests::test_gen_legal_moves_checkmate ... ignored
test move_generator::tests::test_gen_pseudo_legal_moves ... ignored
test move_generator::tests::test_get_checks ... ignored
test move_generator::tests::test_in_check ... ignored
test tests::eval_tester::test_eval ... ignored
test tests::move_gen_tester::move_gen ... ignored
test tests::move_gen_tester::move_list_is_same ... ignored
test ai::evaluator::tests::bench_evaluate_board          ... bench:      41,289 ns/iter (+/- 1,599)
test move_generator::tests::bench_gen_attack_vectors     ... bench:       5,592 ns/iter (+/- 76)
test move_generator::tests::bench_gen_find_pinned_pieces ... bench:       5,935 ns/iter (+/- 100)
test move_generator::tests::bench_gen_legal_moves        ... bench:     278,830 ns/iter (+/- 5,042)
test move_generator::tests::bench_gen_pseudo_legal_moves ... bench:      21,013 ns/iter (+/- 273)
test move_generator::tests::bench_perft                  ... bench: 467,048,720 ns/iter (+/- 8,832,415)

test result: ok. 0 passed; 0 failed; 43 ignored; 6 measured; 0 filtered out; finished in 144.13s

     Running unittests (target\release\deps\chess_engine-760ea83535b37962.exe)

running 0 tests

test result: ok. 0 passed; 0 failed; 0 ignored; 0 measured; 0 filtered out; finished in 0.00s


15732@DESKTOP-GGJLT66 /cygdrive/c/Programming/Rust/chess_engine
